{"D:\\backendd\\blogRoutes.js": {"path":"D:\\backendd\\blogRoutes.js","statementMap":{"0":{"start":{"line":2,"column":16},"end":{"line":2,"column":34}},"1":{"start":{"line":3,"column":15},"end":{"line":3,"column":31}},"2":{"start":{"line":4,"column":15},"end":{"line":4,"column":34}},"3":{"start":{"line":16,"column":4},"end":{"line":16,"column":42}},"4":{"start":{"line":17,"column":21},"end":{"line":17,"column":57}},"5":{"start":{"line":18,"column":22},"end":{"line":18,"column":59}},"6":{"start":{"line":53,"column":0},"end":{"line":53,"column":63}},"7":{"start":{"line":86,"column":0},"end":{"line":86,"column":59}},"8":{"start":{"line":98,"column":0},"end":{"line":98,"column":31}},"9":{"start":{"line":119,"column":0},"end":{"line":119,"column":38}},"10":{"start":{"line":159,"column":0},"end":{"line":159,"column":68}},"11":{"start":{"line":184,"column":0},"end":{"line":184,"column":54}},"12":{"start":{"line":220,"column":0},"end":{"line":220,"column":69}},"13":{"start":{"line":241,"column":0},"end":{"line":241,"column":60}},"14":{"start":{"line":268,"column":0},"end":{"line":268,"column":60}},"15":{"start":{"line":301,"column":0},"end":{"line":301,"column":55}},"16":{"start":{"line":303,"column":0},"end":{"line":303,"column":24}}},"fnMap":{},"branchMap":{},"s":{"0":2,"1":2,"2":2,"3":2,"4":2,"5":2,"6":2,"7":2,"8":2,"9":2,"10":2,"11":2,"12":2,"13":2,"14":2,"15":2,"16":2},"f":{},"b":{},"_coverageSchema":"1a1c01bbd47fc00a2c39e90264f33305004495a9","hash":"1f4e64bf62fea7adfec94422cab08b6d3c35f23b"}
,"D:\\backendd\\cloudinary.js": {"path":"D:\\backendd\\cloudinary.js","statementMap":{"0":{"start":{"line":1,"column":19},"end":{"line":1,"column":43}},"1":{"start":{"line":2,"column":0},"end":{"line":2,"column":27}},"2":{"start":{"line":4,"column":0},"end":{"line":8,"column":3}},"3":{"start":{"line":10,"column":0},"end":{"line":10,"column":28}}},"fnMap":{},"branchMap":{},"s":{"0":2,"1":2,"2":2,"3":2},"f":{},"b":{},"_coverageSchema":"1a1c01bbd47fc00a2c39e90264f33305004495a9","hash":"4b0ab05926c4f024c5215a980c2fc5037cb8189d"}
,"D:\\backendd\\index.js": {"path":"D:\\backendd\\index.js","statementMap":{"0":{"start":{"line":2,"column":17},"end":{"line":2,"column":36}},"1":{"start":{"line":3,"column":16},"end":{"line":3,"column":39}},"2":{"start":{"line":4,"column":16},"end":{"line":4,"column":39}},"3":{"start":{"line":5,"column":17},"end":{"line":5,"column":36}},"4":{"start":{"line":6,"column":16},"end":{"line":6,"column":34}},"5":{"start":{"line":7,"column":18},"end":{"line":7,"column":47}},"6":{"start":{"line":8,"column":21},"end":{"line":8,"column":45}},"7":{"start":{"line":9,"column":12},"end":{"line":9,"column":21}},"8":{"start":{"line":10,"column":13},"end":{"line":10,"column":28}},"9":{"start":{"line":11,"column":0},"end":{"line":11,"column":25}},"10":{"start":{"line":12,"column":0},"end":{"line":12,"column":48}},"11":{"start":{"line":15,"column":0},"end":{"line":21,"column":4}},"12":{"start":{"line":23,"column":23},"end":{"line":52,"column":1}},"13":{"start":{"line":55,"column":20},"end":{"line":55,"column":48}},"14":{"start":{"line":58,"column":0},"end":{"line":58,"column":24}},"15":{"start":{"line":59,"column":0},"end":{"line":59,"column":31}},"16":{"start":{"line":62,"column":0},"end":{"line":62,"column":25}},"17":{"start":{"line":63,"column":0},"end":{"line":63,"column":25}},"18":{"start":{"line":66,"column":0},"end":{"line":66,"column":68}},"19":{"start":{"line":69,"column":0},"end":{"line":78,"column":1}},"20":{"start":{"line":70,"column":4},"end":{"line":77,"column":73}},"21":{"start":{"line":72,"column":8},"end":{"line":75,"column":11}},"22":{"start":{"line":73,"column":12},"end":{"line":73,"column":60}},"23":{"start":{"line":74,"column":12},"end":{"line":74,"column":88}},"24":{"start":{"line":77,"column":18},"end":{"line":77,"column":71}},"25":{"start":{"line":80,"column":0},"end":{"line":80,"column":21}}},"fnMap":{"0":{"name":"(anonymous_0)","decl":{"start":{"line":71,"column":10},"end":{"line":71,"column":11}},"loc":{"start":{"line":71,"column":16},"end":{"line":76,"column":5}},"line":71},"1":{"name":"(anonymous_1)","decl":{"start":{"line":72,"column":25},"end":{"line":72,"column":26}},"loc":{"start":{"line":72,"column":31},"end":{"line":75,"column":9}},"line":72},"2":{"name":"(anonymous_2)","decl":{"start":{"line":77,"column":11},"end":{"line":77,"column":12}},"loc":{"start":{"line":77,"column":18},"end":{"line":77,"column":71}},"line":77}},"branchMap":{"0":{"loc":{"start":{"line":69,"column":0},"end":{"line":78,"column":1}},"type":"if","locations":[{"start":{"line":69,"column":0},"end":{"line":78,"column":1}},{"start":{},"end":{}}],"line":69}},"s":{"0":2,"1":2,"2":2,"3":2,"4":2,"5":2,"6":2,"7":2,"8":2,"9":2,"10":2,"11":2,"12":2,"13":2,"14":2,"15":2,"16":2,"17":2,"18":2,"19":2,"20":0,"21":0,"22":0,"23":0,"24":0,"25":2},"f":{"0":0,"1":0,"2":0},"b":{"0":[0,2]},"_coverageSchema":"1a1c01bbd47fc00a2c39e90264f33305004495a9","hash":"4b7756e59988bf7151cdb64ff66b13c553fd985c"}
,"D:\\backendd\\multer.js": {"path":"D:\\backendd\\multer.js","statementMap":{"0":{"start":{"line":1,"column":15},"end":{"line":1,"column":32}},"1":{"start":{"line":2,"column":13},"end":{"line":2,"column":28}},"2":{"start":{"line":4,"column":16},"end":{"line":11,"column":2}},"3":{"start":{"line":6,"column":4},"end":{"line":6,"column":68}},"4":{"start":{"line":9,"column":4},"end":{"line":9,"column":69}},"5":{"start":{"line":13,"column":15},"end":{"line":15,"column":20}},"6":{"start":{"line":20,"column":0},"end":{"line":20,"column":24}}},"fnMap":{"0":{"name":"(anonymous_0)","decl":{"start":{"line":5,"column":15},"end":{"line":5,"column":16}},"loc":{"start":{"line":5,"column":34},"end":{"line":7,"column":3}},"line":5},"1":{"name":"(anonymous_1)","decl":{"start":{"line":8,"column":12},"end":{"line":8,"column":13}},"loc":{"start":{"line":8,"column":31},"end":{"line":10,"column":3}},"line":8}},"branchMap":{},"s":{"0":2,"1":2,"2":2,"3":0,"4":0,"5":2,"6":2},"f":{"0":0,"1":0},"b":{},"_coverageSchema":"1a1c01bbd47fc00a2c39e90264f33305004495a9","hash":"550b951d7d187e81f493b906952ee40b76b724fa"}
,"D:\\backendd\\userRoutes.js": {"path":"D:\\backendd\\userRoutes.js","statementMap":{"0":{"start":{"line":10,"column":16},"end":{"line":10,"column":34}},"1":{"start":{"line":11,"column":15},"end":{"line":11,"column":31}},"2":{"start":{"line":12,"column":34},"end":{"line":12,"column":72}},"3":{"start":{"line":42,"column":0},"end":{"line":42,"column":34}},"4":{"start":{"line":74,"column":0},"end":{"line":74,"column":37}},"5":{"start":{"line":76,"column":0},"end":{"line":76,"column":24}}},"fnMap":{},"branchMap":{},"s":{"0":2,"1":2,"2":2,"3":2,"4":2,"5":2},"f":{},"b":{},"_coverageSchema":"1a1c01bbd47fc00a2c39e90264f33305004495a9","hash":"bf04d202d42b5f3fd3d9093d9c65c3cedfd63c2c"}
,"D:\\backendd\\Models\\Blogs.js": {"path":"D:\\backendd\\Models\\Blogs.js","statementMap":{"0":{"start":{"line":1,"column":17},"end":{"line":1,"column":36}},"1":{"start":{"line":3,"column":19},"end":{"line":23,"column":2}},"2":{"start":{"line":25,"column":0},"end":{"line":25,"column":52}}},"fnMap":{},"branchMap":{},"s":{"0":2,"1":2,"2":2},"f":{},"b":{},"_coverageSchema":"1a1c01bbd47fc00a2c39e90264f33305004495a9","hash":"6d297bdc9bf196035a383db1c3a801608a0a3e62"}
,"D:\\backendd\\Models\\Coments.js": {"path":"D:\\backendd\\Models\\Coments.js","statementMap":{"0":{"start":{"line":1,"column":17},"end":{"line":1,"column":36}},"1":{"start":{"line":3,"column":26},"end":{"line":15,"column":2}},"2":{"start":{"line":17,"column":0},"end":{"line":17,"column":66}}},"fnMap":{},"branchMap":{},"s":{"0":2,"1":2,"2":2},"f":{},"b":{},"_coverageSchema":"1a1c01bbd47fc00a2c39e90264f33305004495a9","hash":"a38d43cf6fc58193b09c3b6243e27c0373618841"}
,"D:\\backendd\\Models\\User.js": {"path":"D:\\backendd\\Models\\User.js","statementMap":{"0":{"start":{"line":1,"column":17},"end":{"line":1,"column":36}},"1":{"start":{"line":2,"column":15},"end":{"line":2,"column":34}},"2":{"start":{"line":3,"column":25},"end":{"line":3,"column":27}},"3":{"start":{"line":5,"column":19},"end":{"line":15,"column":2}},"4":{"start":{"line":17,"column":0},"end":{"line":30,"column":3}},"5":{"start":{"line":18,"column":2},"end":{"line":18,"column":50}},"6":{"start":{"line":18,"column":36},"end":{"line":18,"column":50}},"7":{"start":{"line":20,"column":2},"end":{"line":29,"column":5}},"8":{"start":{"line":21,"column":4},"end":{"line":21,"column":30}},"9":{"start":{"line":21,"column":13},"end":{"line":21,"column":30}},"10":{"start":{"line":23,"column":4},"end":{"line":28,"column":7}},"11":{"start":{"line":24,"column":6},"end":{"line":24,"column":32}},"12":{"start":{"line":24,"column":15},"end":{"line":24,"column":32}},"13":{"start":{"line":26,"column":6},"end":{"line":26,"column":27}},"14":{"start":{"line":27,"column":6},"end":{"line":27,"column":13}},"15":{"start":{"line":32,"column":0},"end":{"line":32,"column":52}}},"fnMap":{"0":{"name":"(anonymous_0)","decl":{"start":{"line":17,"column":23},"end":{"line":17,"column":24}},"loc":{"start":{"line":17,"column":39},"end":{"line":30,"column":1}},"line":17},"1":{"name":"(anonymous_1)","decl":{"start":{"line":20,"column":35},"end":{"line":20,"column":36}},"loc":{"start":{"line":20,"column":50},"end":{"line":29,"column":3}},"line":20},"2":{"name":"(anonymous_2)","decl":{"start":{"line":23,"column":37},"end":{"line":23,"column":38}},"loc":{"start":{"line":23,"column":52},"end":{"line":28,"column":5}},"line":23}},"branchMap":{"0":{"loc":{"start":{"line":18,"column":2},"end":{"line":18,"column":50}},"type":"if","locations":[{"start":{"line":18,"column":2},"end":{"line":18,"column":50}},{"start":{},"end":{}}],"line":18},"1":{"loc":{"start":{"line":21,"column":4},"end":{"line":21,"column":30}},"type":"if","locations":[{"start":{"line":21,"column":4},"end":{"line":21,"column":30}},{"start":{},"end":{}}],"line":21},"2":{"loc":{"start":{"line":24,"column":6},"end":{"line":24,"column":32}},"type":"if","locations":[{"start":{"line":24,"column":6},"end":{"line":24,"column":32}},{"start":{},"end":{}}],"line":24}},"s":{"0":2,"1":2,"2":2,"3":2,"4":2,"5":3,"6":0,"7":3,"8":3,"9":0,"10":3,"11":3,"12":0,"13":3,"14":3,"15":2},"f":{"0":3,"1":3,"2":3},"b":{"0":[0,3],"1":[0,3],"2":[0,3]},"_coverageSchema":"1a1c01bbd47fc00a2c39e90264f33305004495a9","hash":"58dd42b7db48ad7075764ab91acbe0b16a786d51"}
,"D:\\backendd\\Models\\like.js": {"path":"D:\\backendd\\Models\\like.js","statementMap":{"0":{"start":{"line":1,"column":17},"end":{"line":1,"column":36}},"1":{"start":{"line":3,"column":19},"end":{"line":19,"column":2}},"2":{"start":{"line":21,"column":0},"end":{"line":21,"column":52}}},"fnMap":{},"branchMap":{},"s":{"0":2,"1":2,"2":2},"f":{},"b":{},"_coverageSchema":"1a1c01bbd47fc00a2c39e90264f33305004495a9","hash":"ba45739b9b01c0fe12576ec3626d6ddf1f881fc3"}
,"D:\\backendd\\controller\\BlogController.js": {"path":"D:\\backendd\\controller\\BlogController.js","statementMap":{"0":{"start":{"line":1,"column":13},"end":{"line":1,"column":39}},"1":{"start":{"line":2,"column":17},"end":{"line":2,"column":45}},"2":{"start":{"line":3,"column":13},"end":{"line":3,"column":38}},"3":{"start":{"line":4,"column":19},"end":{"line":4,"column":43}},"4":{"start":{"line":5,"column":11},"end":{"line":5,"column":33}},"5":{"start":{"line":6,"column":12},"end":{"line":6,"column":35}},"6":{"start":{"line":7,"column":12},"end":{"line":7,"column":26}},"7":{"start":{"line":8,"column":15},"end":{"line":12,"column":2}},"8":{"start":{"line":17,"column":0},"end":{"line":30,"column":2}},"9":{"start":{"line":18,"column":4},"end":{"line":29,"column":5}},"10":{"start":{"line":19,"column":26},"end":{"line":19,"column":51}},"11":{"start":{"line":20,"column":8},"end":{"line":20,"column":84}},"12":{"start":{"line":20,"column":19},"end":{"line":20,"column":84}},"13":{"start":{"line":22,"column":43},"end":{"line":22,"column":51}},"14":{"start":{"line":23,"column":21},"end":{"line":23,"column":57}},"15":{"start":{"line":24,"column":8},"end":{"line":24,"column":26}},"16":{"start":{"line":25,"column":8},"end":{"line":25,"column":35}},"17":{"start":{"line":27,"column":8},"end":{"line":27,"column":29}},"18":{"start":{"line":28,"column":8},"end":{"line":28,"column":63}},"19":{"start":{"line":33,"column":0},"end":{"line":65,"column":2}},"20":{"start":{"line":34,"column":4},"end":{"line":34,"column":82}},"21":{"start":{"line":34,"column":19},"end":{"line":34,"column":82}},"22":{"start":{"line":36,"column":4},"end":{"line":64,"column":5}},"23":{"start":{"line":37,"column":8},"end":{"line":37,"column":60}},"24":{"start":{"line":39,"column":23},"end":{"line":39,"column":91}},"25":{"start":{"line":40,"column":8},"end":{"line":40,"column":57}},"26":{"start":{"line":42,"column":21},"end":{"line":42,"column":55}},"27":{"start":{"line":43,"column":8},"end":{"line":43,"column":78}},"28":{"start":{"line":43,"column":19},"end":{"line":43,"column":78}},"29":{"start":{"line":46,"column":8},"end":{"line":46,"column":39}},"30":{"start":{"line":47,"column":8},"end":{"line":47,"column":42}},"31":{"start":{"line":49,"column":8},"end":{"line":49,"column":26}},"32":{"start":{"line":50,"column":8},"end":{"line":50,"column":60}},"33":{"start":{"line":53,"column":8},"end":{"line":53,"column":39}},"34":{"start":{"line":54,"column":8},"end":{"line":54,"column":58}},"35":{"start":{"line":56,"column":8},"end":{"line":60,"column":11}},"36":{"start":{"line":62,"column":8},"end":{"line":62,"column":53}},"37":{"start":{"line":63,"column":8},"end":{"line":63,"column":65}},"38":{"start":{"line":68,"column":0},"end":{"line":75,"column":2}},"39":{"start":{"line":69,"column":4},"end":{"line":74,"column":5}},"40":{"start":{"line":70,"column":22},"end":{"line":70,"column":39}},"41":{"start":{"line":71,"column":8},"end":{"line":71,"column":24}},"42":{"start":{"line":73,"column":8},"end":{"line":73,"column":64}},"43":{"start":{"line":77,"column":0},"end":{"line":85,"column":2}},"44":{"start":{"line":78,"column":4},"end":{"line":84,"column":5}},"45":{"start":{"line":79,"column":21},"end":{"line":79,"column":55}},"46":{"start":{"line":80,"column":8},"end":{"line":80,"column":76}},"47":{"start":{"line":80,"column":19},"end":{"line":80,"column":76}},"48":{"start":{"line":81,"column":8},"end":{"line":81,"column":23}},"49":{"start":{"line":83,"column":8},"end":{"line":83,"column":63}},"50":{"start":{"line":87,"column":0},"end":{"line":100,"column":2}},"51":{"start":{"line":88,"column":4},"end":{"line":99,"column":5}},"52":{"start":{"line":89,"column":21},"end":{"line":89,"column":55}},"53":{"start":{"line":90,"column":8},"end":{"line":90,"column":76}},"54":{"start":{"line":90,"column":19},"end":{"line":90,"column":76}},"55":{"start":{"line":92,"column":8},"end":{"line":92,"column":56}},"56":{"start":{"line":92,"column":28},"end":{"line":92,"column":56}},"57":{"start":{"line":93,"column":8},"end":{"line":93,"column":62}},"58":{"start":{"line":93,"column":30},"end":{"line":93,"column":62}},"59":{"start":{"line":95,"column":8},"end":{"line":95,"column":26}},"60":{"start":{"line":96,"column":8},"end":{"line":96,"column":23}},"61":{"start":{"line":98,"column":8},"end":{"line":98,"column":63}},"62":{"start":{"line":102,"column":0},"end":{"line":110,"column":2}},"63":{"start":{"line":103,"column":4},"end":{"line":109,"column":5}},"64":{"start":{"line":104,"column":23},"end":{"line":104,"column":66}},"65":{"start":{"line":105,"column":8},"end":{"line":105,"column":78}},"66":{"start":{"line":105,"column":21},"end":{"line":105,"column":78}},"67":{"start":{"line":106,"column":8},"end":{"line":106,"column":31}},"68":{"start":{"line":108,"column":8},"end":{"line":108,"column":63}},"69":{"start":{"line":111,"column":0},"end":{"line":133,"column":2}},"70":{"start":{"line":112,"column":4},"end":{"line":132,"column":5}},"71":{"start":{"line":113,"column":23},"end":{"line":113,"column":35}},"72":{"start":{"line":114,"column":28},"end":{"line":114,"column":36}},"73":{"start":{"line":115,"column":23},"end":{"line":115,"column":41}},"74":{"start":{"line":118,"column":25},"end":{"line":122,"column":10}},"75":{"start":{"line":125,"column":8},"end":{"line":125,"column":30}},"76":{"start":{"line":128,"column":8},"end":{"line":128,"column":39}},"77":{"start":{"line":130,"column":8},"end":{"line":130,"column":29}},"78":{"start":{"line":131,"column":8},"end":{"line":131,"column":68}},"79":{"start":{"line":136,"column":4},"end":{"line":161,"column":8}},"80":{"start":{"line":137,"column":8},"end":{"line":137,"column":42}},"81":{"start":{"line":138,"column":8},"end":{"line":160,"column":9}},"82":{"start":{"line":139,"column":27},"end":{"line":139,"column":39}},"83":{"start":{"line":140,"column":26},"end":{"line":140,"column":44}},"84":{"start":{"line":142,"column":25},"end":{"line":142,"column":58}},"85":{"start":{"line":149,"column":10},"end":{"line":156,"column":11}},"86":{"start":{"line":150,"column":12},"end":{"line":150,"column":53}},"87":{"start":{"line":151,"column":12},"end":{"line":151,"column":62}},"88":{"start":{"line":153,"column":28},"end":{"line":153,"column":86}},"89":{"start":{"line":154,"column":12},"end":{"line":154,"column":33}},"90":{"start":{"line":155,"column":12},"end":{"line":155,"column":75}},"91":{"start":{"line":158,"column":10},"end":{"line":158,"column":31}},"92":{"start":{"line":159,"column":10},"end":{"line":159,"column":60}},"93":{"start":{"line":163,"column":0},"end":{"line":193,"column":2}},"94":{"start":{"line":164,"column":4},"end":{"line":192,"column":5}},"95":{"start":{"line":165,"column":22},"end":{"line":165,"column":65}},"96":{"start":{"line":166,"column":8},"end":{"line":166,"column":80}},"97":{"start":{"line":166,"column":20},"end":{"line":166,"column":80}},"98":{"start":{"line":168,"column":24},"end":{"line":168,"column":59}},"99":{"start":{"line":169,"column":23},"end":{"line":169,"column":33}},"100":{"start":{"line":171,"column":31},"end":{"line":171,"column":41}},"101":{"start":{"line":172,"column":25},"end":{"line":172,"column":33}},"102":{"start":{"line":175,"column":8},"end":{"line":177,"column":9}},"103":{"start":{"line":176,"column":12},"end":{"line":176,"column":73}},"104":{"start":{"line":180,"column":24},"end":{"line":184,"column":9}},"105":{"start":{"line":186,"column":8},"end":{"line":186,"column":100}},"106":{"start":{"line":186,"column":22},"end":{"line":186,"column":100}},"107":{"start":{"line":188,"column":8},"end":{"line":188,"column":26}},"108":{"start":{"line":190,"column":8},"end":{"line":190,"column":29}},"109":{"start":{"line":191,"column":8},"end":{"line":191,"column":63}},"110":{"start":{"line":199,"column":0},"end":{"line":207,"column":2}},"111":{"start":{"line":200,"column":4},"end":{"line":206,"column":5}},"112":{"start":{"line":201,"column":25},"end":{"line":201,"column":106}},"113":{"start":{"line":202,"column":8},"end":{"line":202,"column":122}},"114":{"start":{"line":202,"column":48},"end":{"line":202,"column":122}},"115":{"start":{"line":203,"column":8},"end":{"line":203,"column":27}},"116":{"start":{"line":205,"column":8},"end":{"line":205,"column":69}}},"fnMap":{"0":{"name":"(anonymous_0)","decl":{"start":{"line":17,"column":21},"end":{"line":17,"column":22}},"loc":{"start":{"line":17,"column":41},"end":{"line":30,"column":1}},"line":17},"1":{"name":"(anonymous_1)","decl":{"start":{"line":33,"column":28},"end":{"line":33,"column":29}},"loc":{"start":{"line":33,"column":48},"end":{"line":65,"column":1}},"line":33},"2":{"name":"(anonymous_2)","decl":{"start":{"line":68,"column":19},"end":{"line":68,"column":20}},"loc":{"start":{"line":68,"column":39},"end":{"line":75,"column":1}},"line":68},"3":{"name":"(anonymous_3)","decl":{"start":{"line":77,"column":22},"end":{"line":77,"column":23}},"loc":{"start":{"line":77,"column":42},"end":{"line":85,"column":1}},"line":77},"4":{"name":"(anonymous_4)","decl":{"start":{"line":87,"column":21},"end":{"line":87,"column":22}},"loc":{"start":{"line":87,"column":41},"end":{"line":100,"column":1}},"line":87},"5":{"name":"(anonymous_5)","decl":{"start":{"line":102,"column":21},"end":{"line":102,"column":22}},"loc":{"start":{"line":102,"column":41},"end":{"line":110,"column":1}},"line":102},"6":{"name":"(anonymous_6)","decl":{"start":{"line":111,"column":24},"end":{"line":111,"column":25}},"loc":{"start":{"line":111,"column":44},"end":{"line":133,"column":1}},"line":111},"7":{"name":"(anonymous_7)","decl":{"start":{"line":136,"column":22},"end":{"line":136,"column":23}},"loc":{"start":{"line":136,"column":42},"end":{"line":161,"column":7}},"line":136},"8":{"name":"(anonymous_8)","decl":{"start":{"line":163,"column":21},"end":{"line":163,"column":22}},"loc":{"start":{"line":163,"column":41},"end":{"line":193,"column":1}},"line":163},"9":{"name":"(anonymous_9)","decl":{"start":{"line":199,"column":30},"end":{"line":199,"column":31}},"loc":{"start":{"line":199,"column":50},"end":{"line":207,"column":1}},"line":199}},"branchMap":{"0":{"loc":{"start":{"line":20,"column":8},"end":{"line":20,"column":84}},"type":"if","locations":[{"start":{"line":20,"column":8},"end":{"line":20,"column":84}},{"start":{},"end":{}}],"line":20},"1":{"loc":{"start":{"line":34,"column":4},"end":{"line":34,"column":82}},"type":"if","locations":[{"start":{"line":34,"column":4},"end":{"line":34,"column":82}},{"start":{},"end":{}}],"line":34},"2":{"loc":{"start":{"line":43,"column":8},"end":{"line":43,"column":78}},"type":"if","locations":[{"start":{"line":43,"column":8},"end":{"line":43,"column":78}},{"start":{},"end":{}}],"line":43},"3":{"loc":{"start":{"line":80,"column":8},"end":{"line":80,"column":76}},"type":"if","locations":[{"start":{"line":80,"column":8},"end":{"line":80,"column":76}},{"start":{},"end":{}}],"line":80},"4":{"loc":{"start":{"line":90,"column":8},"end":{"line":90,"column":76}},"type":"if","locations":[{"start":{"line":90,"column":8},"end":{"line":90,"column":76}},{"start":{},"end":{}}],"line":90},"5":{"loc":{"start":{"line":92,"column":8},"end":{"line":92,"column":56}},"type":"if","locations":[{"start":{"line":92,"column":8},"end":{"line":92,"column":56}},{"start":{},"end":{}}],"line":92},"6":{"loc":{"start":{"line":93,"column":8},"end":{"line":93,"column":62}},"type":"if","locations":[{"start":{"line":93,"column":8},"end":{"line":93,"column":62}},{"start":{},"end":{}}],"line":93},"7":{"loc":{"start":{"line":105,"column":8},"end":{"line":105,"column":78}},"type":"if","locations":[{"start":{"line":105,"column":8},"end":{"line":105,"column":78}},{"start":{},"end":{}}],"line":105},"8":{"loc":{"start":{"line":149,"column":10},"end":{"line":156,"column":11}},"type":"if","locations":[{"start":{"line":149,"column":10},"end":{"line":156,"column":11}},{"start":{"line":152,"column":17},"end":{"line":156,"column":11}}],"line":149},"9":{"loc":{"start":{"line":166,"column":8},"end":{"line":166,"column":80}},"type":"if","locations":[{"start":{"line":166,"column":8},"end":{"line":166,"column":80}},{"start":{},"end":{}}],"line":166},"10":{"loc":{"start":{"line":175,"column":8},"end":{"line":177,"column":9}},"type":"if","locations":[{"start":{"line":175,"column":8},"end":{"line":177,"column":9}},{"start":{},"end":{}}],"line":175},"11":{"loc":{"start":{"line":175,"column":12},"end":{"line":175,"column":48}},"type":"binary-expr","locations":[{"start":{"line":175,"column":12},"end":{"line":175,"column":36}},{"start":{"line":175,"column":40},"end":{"line":175,"column":48}}],"line":175},"12":{"loc":{"start":{"line":186,"column":8},"end":{"line":186,"column":100}},"type":"if","locations":[{"start":{"line":186,"column":8},"end":{"line":186,"column":100}},{"start":{},"end":{}}],"line":186},"13":{"loc":{"start":{"line":202,"column":8},"end":{"line":202,"column":122}},"type":"if","locations":[{"start":{"line":202,"column":8},"end":{"line":202,"column":122}},{"start":{},"end":{}}],"line":202},"14":{"loc":{"start":{"line":202,"column":12},"end":{"line":202,"column":46}},"type":"binary-expr","locations":[{"start":{"line":202,"column":12},"end":{"line":202,"column":21}},{"start":{"line":202,"column":25},"end":{"line":202,"column":46}}],"line":202}},"s":{"0":2,"1":2,"2":2,"3":2,"4":2,"5":2,"6":2,"7":2,"8":2,"9":1,"10":1,"11":1,"12":0,"13":1,"14":1,"15":1,"16":1,"17":0,"18":0,"19":2,"20":0,"21":0,"22":0,"23":0,"24":0,"25":0,"26":0,"27":0,"28":0,"29":0,"30":0,"31":0,"32":0,"33":0,"34":0,"35":0,"36":0,"37":0,"38":2,"39":1,"40":1,"41":1,"42":0,"43":2,"44":0,"45":0,"46":0,"47":0,"48":0,"49":0,"50":2,"51":1,"52":1,"53":1,"54":0,"55":1,"56":1,"57":1,"58":1,"59":1,"60":1,"61":0,"62":2,"63":1,"64":1,"65":1,"66":0,"67":1,"68":0,"69":2,"70":1,"71":1,"72":1,"73":1,"74":1,"75":1,"76":1,"77":0,"78":0,"79":2,"80":0,"81":0,"82":0,"83":0,"84":0,"85":0,"86":0,"87":0,"88":0,"89":0,"90":0,"91":0,"92":0,"93":2,"94":0,"95":0,"96":0,"97":0,"98":0,"99":0,"100":0,"101":0,"102":0,"103":0,"104":0,"105":0,"106":0,"107":0,"108":0,"109":0,"110":2,"111":0,"112":0,"113":0,"114":0,"115":0,"116":0},"f":{"0":1,"1":0,"2":1,"3":0,"4":1,"5":1,"6":1,"7":0,"8":0,"9":0},"b":{"0":[0,1],"1":[0,0],"2":[0,0],"3":[0,0],"4":[0,1],"5":[1,0],"6":[1,0],"7":[0,1],"8":[0,0],"9":[0,0],"10":[0,0],"11":[0,0],"12":[0,0],"13":[0,0],"14":[0,0]},"_coverageSchema":"1a1c01bbd47fc00a2c39e90264f33305004495a9","hash":"b6e251196c78e0905c94d4323586efe83a3b02ae"}
,"D:\\backendd\\controller\\userController.js": {"path":"D:\\backendd\\controller\\userController.js","statementMap":{"0":{"start":{"line":1,"column":13},"end":{"line":1,"column":38}},"1":{"start":{"line":2,"column":15},"end":{"line":2,"column":34}},"2":{"start":{"line":3,"column":12},"end":{"line":3,"column":35}},"3":{"start":{"line":4,"column":18},"end":{"line":4,"column":34}},"4":{"start":{"line":7,"column":12},"end":{"line":7,"column":26}},"5":{"start":{"line":8,"column":15},"end":{"line":11,"column":2}},"6":{"start":{"line":13,"column":0},"end":{"line":28,"column":2}},"7":{"start":{"line":14,"column":4},"end":{"line":27,"column":5}},"8":{"start":{"line":15,"column":26},"end":{"line":15,"column":51}},"9":{"start":{"line":16,"column":8},"end":{"line":16,"column":84}},"10":{"start":{"line":16,"column":19},"end":{"line":16,"column":84}},"11":{"start":{"line":18,"column":21},"end":{"line":21,"column":10}},"12":{"start":{"line":23,"column":8},"end":{"line":23,"column":26}},"13":{"start":{"line":24,"column":8},"end":{"line":24,"column":35}},"14":{"start":{"line":26,"column":8},"end":{"line":26,"column":63}},"15":{"start":{"line":30,"column":0},"end":{"line":63,"column":2}},"16":{"start":{"line":31,"column":4},"end":{"line":62,"column":5}},"17":{"start":{"line":32,"column":36},"end":{"line":32,"column":44}},"18":{"start":{"line":34,"column":8},"end":{"line":36,"column":9}},"19":{"start":{"line":35,"column":12},"end":{"line":35,"column":86}},"20":{"start":{"line":38,"column":21},"end":{"line":38,"column":50}},"21":{"start":{"line":40,"column":8},"end":{"line":42,"column":9}},"22":{"start":{"line":41,"column":12},"end":{"line":41,"column":69}},"23":{"start":{"line":44,"column":24},"end":{"line":44,"column":69}},"24":{"start":{"line":46,"column":8},"end":{"line":48,"column":9}},"25":{"start":{"line":47,"column":12},"end":{"line":47,"column":74}},"26":{"start":{"line":50,"column":24},"end":{"line":50,"column":65}},"27":{"start":{"line":51,"column":22},"end":{"line":51,"column":72}},"28":{"start":{"line":54,"column":8},"end":{"line":57,"column":11}},"29":{"start":{"line":60,"column":8},"end":{"line":60,"column":50}},"30":{"start":{"line":61,"column":8},"end":{"line":61,"column":60}}},"fnMap":{"0":{"name":"(anonymous_0)","decl":{"start":{"line":13,"column":21},"end":{"line":13,"column":22}},"loc":{"start":{"line":13,"column":41},"end":{"line":28,"column":1}},"line":13},"1":{"name":"(anonymous_1)","decl":{"start":{"line":30,"column":20},"end":{"line":30,"column":21}},"loc":{"start":{"line":30,"column":40},"end":{"line":63,"column":1}},"line":30}},"branchMap":{"0":{"loc":{"start":{"line":16,"column":8},"end":{"line":16,"column":84}},"type":"if","locations":[{"start":{"line":16,"column":8},"end":{"line":16,"column":84}},{"start":{},"end":{}}],"line":16},"1":{"loc":{"start":{"line":34,"column":8},"end":{"line":36,"column":9}},"type":"if","locations":[{"start":{"line":34,"column":8},"end":{"line":36,"column":9}},{"start":{},"end":{}}],"line":34},"2":{"loc":{"start":{"line":34,"column":12},"end":{"line":34,"column":31}},"type":"binary-expr","locations":[{"start":{"line":34,"column":12},"end":{"line":34,"column":18}},{"start":{"line":34,"column":22},"end":{"line":34,"column":31}}],"line":34},"3":{"loc":{"start":{"line":40,"column":8},"end":{"line":42,"column":9}},"type":"if","locations":[{"start":{"line":40,"column":8},"end":{"line":42,"column":9}},{"start":{},"end":{}}],"line":40},"4":{"loc":{"start":{"line":46,"column":8},"end":{"line":48,"column":9}},"type":"if","locations":[{"start":{"line":46,"column":8},"end":{"line":48,"column":9}},{"start":{},"end":{}}],"line":46}},"s":{"0":2,"1":2,"2":2,"3":2,"4":2,"5":2,"6":2,"7":3,"8":3,"9":3,"10":0,"11":3,"12":3,"13":2,"14":1,"15":2,"16":2,"17":2,"18":2,"19":0,"20":2,"21":2,"22":0,"23":2,"24":2,"25":0,"26":2,"27":2,"28":2,"29":0,"30":0},"f":{"0":3,"1":2},"b":{"0":[0,3],"1":[0,2],"2":[2,2],"3":[0,2],"4":[0,2]},"_coverageSchema":"1a1c01bbd47fc00a2c39e90264f33305004495a9","hash":"d1e127736c437d4dcec2f430870d930aed908bec"}
,"D:\\backendd\\middleware\\validateAuth.js": {"path":"D:\\backendd\\middleware\\validateAuth.js","statementMap":{"0":{"start":{"line":2,"column":12},"end":{"line":2,"column":35}},"1":{"start":{"line":4,"column":0},"end":{"line":19,"column":2}},"2":{"start":{"line":5,"column":16},"end":{"line":5,"column":56}},"3":{"start":{"line":7,"column":2},"end":{"line":9,"column":3}},"4":{"start":{"line":8,"column":4},"end":{"line":8,"column":61}},"5":{"start":{"line":11,"column":2},"end":{"line":18,"column":5}},"6":{"start":{"line":12,"column":4},"end":{"line":14,"column":5}},"7":{"start":{"line":13,"column":6},"end":{"line":13,"column":64}},"8":{"start":{"line":16,"column":4},"end":{"line":16,"column":23}},"9":{"start":{"line":17,"column":4},"end":{"line":17,"column":11}}},"fnMap":{"0":{"name":"(anonymous_0)","decl":{"start":{"line":4,"column":17},"end":{"line":4,"column":18}},"loc":{"start":{"line":4,"column":37},"end":{"line":19,"column":1}},"line":4},"1":{"name":"(anonymous_1)","decl":{"start":{"line":11,"column":38},"end":{"line":11,"column":39}},"loc":{"start":{"line":11,"column":56},"end":{"line":18,"column":3}},"line":11}},"branchMap":{"0":{"loc":{"start":{"line":7,"column":2},"end":{"line":9,"column":3}},"type":"if","locations":[{"start":{"line":7,"column":2},"end":{"line":9,"column":3}},{"start":{},"end":{}}],"line":7},"1":{"loc":{"start":{"line":12,"column":4},"end":{"line":14,"column":5}},"type":"if","locations":[{"start":{"line":12,"column":4},"end":{"line":14,"column":5}},{"start":{},"end":{}}],"line":12}},"s":{"0":2,"1":2,"2":6,"3":6,"4":1,"5":5,"6":5,"7":0,"8":5,"9":5},"f":{"0":6,"1":5},"b":{"0":[1,5],"1":[0,5]},"_coverageSchema":"1a1c01bbd47fc00a2c39e90264f33305004495a9","hash":"85b3c73de6be342a018066981b012dbb44d48979"}
,"D:\\backendd\\middleware\\validateInput.js": {"path":"D:\\backendd\\middleware\\validateInput.js","statementMap":{"0":{"start":{"line":1,"column":12},"end":{"line":1,"column":26}},"1":{"start":{"line":3,"column":19},"end":{"line":7,"column":2}},"2":{"start":{"line":9,"column":0},"end":{"line":13,"column":2}},"3":{"start":{"line":10,"column":22},"end":{"line":10,"column":51}},"4":{"start":{"line":11,"column":4},"end":{"line":11,"column":80}},"5":{"start":{"line":11,"column":15},"end":{"line":11,"column":80}},"6":{"start":{"line":12,"column":4},"end":{"line":12,"column":11}}},"fnMap":{"0":{"name":"(anonymous_0)","decl":{"start":{"line":9,"column":17},"end":{"line":9,"column":18}},"loc":{"start":{"line":9,"column":37},"end":{"line":13,"column":1}},"line":9}},"branchMap":{"0":{"loc":{"start":{"line":11,"column":4},"end":{"line":11,"column":80}},"type":"if","locations":[{"start":{"line":11,"column":4},"end":{"line":11,"column":80}},{"start":{},"end":{}}],"line":11}},"s":{"0":2,"1":2,"2":2,"3":3,"4":3,"5":1,"6":2},"f":{"0":3},"b":{"0":[1,2]},"_coverageSchema":"1a1c01bbd47fc00a2c39e90264f33305004495a9","hash":"53bb05c8ba693c5ccf6cd3aea1c11e7a86e4016e"}
}
