TN:
SF:blogRoutes.js
FNF:0
FNH:0
DA:2,2
DA:3,2
DA:4,2
DA:16,2
DA:17,2
DA:18,2
DA:53,2
DA:86,2
DA:98,2
DA:119,2
DA:159,2
DA:184,2
DA:220,2
DA:241,2
DA:268,2
DA:301,2
DA:303,2
LF:17
LH:17
BRF:0
BRH:0
end_of_record
TN:
SF:cloudinary.js
FNF:0
FNH:0
DA:1,2
DA:2,2
DA:4,2
DA:10,2
LF:4
LH:4
BRF:0
BRH:0
end_of_record
TN:
SF:index.js
FN:71,(anonymous_0)
FN:72,(anonymous_1)
FN:77,(anonymous_2)
FNF:3
FNH:0
FNDA:0,(anonymous_0)
FNDA:0,(anonymous_1)
FNDA:0,(anonymous_2)
DA:2,2
DA:3,2
DA:4,2
DA:5,2
DA:6,2
DA:7,2
DA:8,2
DA:9,2
DA:10,2
DA:11,2
DA:12,2
DA:15,2
DA:23,2
DA:55,2
DA:58,2
DA:59,2
DA:62,2
DA:63,2
DA:66,2
DA:69,2
DA:70,0
DA:72,0
DA:73,0
DA:74,0
DA:77,0
DA:80,2
LF:26
LH:21
BRDA:69,0,0,0
BRDA:69,0,1,2
BRF:2
BRH:1
end_of_record
TN:
SF:multer.js
FN:5,(anonymous_0)
FN:8,(anonymous_1)
FNF:2
FNH:0
FNDA:0,(anonymous_0)
FNDA:0,(anonymous_1)
DA:1,2
DA:2,2
DA:4,2
DA:6,0
DA:9,0
DA:13,2
DA:20,2
LF:7
LH:5
BRF:0
BRH:0
end_of_record
TN:
SF:userRoutes.js
FNF:0
FNH:0
DA:10,2
DA:11,2
DA:12,2
DA:42,2
DA:74,2
DA:76,2
LF:6
LH:6
BRF:0
BRH:0
end_of_record
TN:
SF:Models\Blogs.js
FNF:0
FNH:0
DA:1,2
DA:3,2
DA:25,2
LF:3
LH:3
BRF:0
BRH:0
end_of_record
TN:
SF:Models\Coments.js
FNF:0
FNH:0
DA:1,2
DA:3,2
DA:17,2
LF:3
LH:3
BRF:0
BRH:0
end_of_record
TN:
SF:Models\User.js
FN:17,(anonymous_0)
FN:20,(anonymous_1)
FN:23,(anonymous_2)
FNF:3
FNH:3
FNDA:3,(anonymous_0)
FNDA:3,(anonymous_1)
FNDA:3,(anonymous_2)
DA:1,2
DA:2,2
DA:3,2
DA:5,2
DA:17,2
DA:18,3
DA:20,3
DA:21,3
DA:23,3
DA:24,3
DA:26,3
DA:27,3
DA:32,2
LF:13
LH:13
BRDA:18,0,0,0
BRDA:18,0,1,3
BRDA:21,1,0,0
BRDA:21,1,1,3
BRDA:24,2,0,0
BRDA:24,2,1,3
BRF:6
BRH:3
end_of_record
TN:
SF:Models\like.js
FNF:0
FNH:0
DA:1,2
DA:3,2
DA:21,2
LF:3
LH:3
BRF:0
BRH:0
end_of_record
TN:
SF:controller\BlogController.js
FN:17,(anonymous_0)
FN:33,(anonymous_1)
FN:68,(anonymous_2)
FN:77,(anonymous_3)
FN:87,(anonymous_4)
FN:102,(anonymous_5)
FN:111,(anonymous_6)
FN:136,(anonymous_7)
FN:163,(anonymous_8)
FN:199,(anonymous_9)
FNF:10
FNH:5
FNDA:1,(anonymous_0)
FNDA:0,(anonymous_1)
FNDA:1,(anonymous_2)
FNDA:0,(anonymous_3)
FNDA:1,(anonymous_4)
FNDA:1,(anonymous_5)
FNDA:1,(anonymous_6)
FNDA:0,(anonymous_7)
FNDA:0,(anonymous_8)
FNDA:0,(anonymous_9)
DA:1,2
DA:2,2
DA:3,2
DA:4,2
DA:5,2
DA:6,2
DA:7,2
DA:8,2
DA:17,2
DA:18,1
DA:19,1
DA:20,1
DA:22,1
DA:23,1
DA:24,1
DA:25,1
DA:27,0
DA:28,0
DA:33,2
DA:34,0
DA:36,0
DA:37,0
DA:39,0
DA:40,0
DA:42,0
DA:43,0
DA:46,0
DA:47,0
DA:49,0
DA:50,0
DA:53,0
DA:54,0
DA:56,0
DA:62,0
DA:63,0
DA:68,2
DA:69,1
DA:70,1
DA:71,1
DA:73,0
DA:77,2
DA:78,0
DA:79,0
DA:80,0
DA:81,0
DA:83,0
DA:87,2
DA:88,1
DA:89,1
DA:90,1
DA:92,1
DA:93,1
DA:95,1
DA:96,1
DA:98,0
DA:102,2
DA:103,1
DA:104,1
DA:105,1
DA:106,1
DA:108,0
DA:111,2
DA:112,1
DA:113,1
DA:114,1
DA:115,1
DA:118,1
DA:125,1
DA:128,1
DA:130,0
DA:131,0
DA:136,2
DA:137,0
DA:138,0
DA:139,0
DA:140,0
DA:142,0
DA:149,0
DA:150,0
DA:151,0
DA:153,0
DA:154,0
DA:155,0
DA:158,0
DA:159,0
DA:163,2
DA:164,0
DA:165,0
DA:166,0
DA:168,0
DA:169,0
DA:171,0
DA:172,0
DA:175,0
DA:176,0
DA:180,0
DA:186,0
DA:188,0
DA:190,0
DA:191,0
DA:199,2
DA:200,0
DA:201,0
DA:202,0
DA:203,0
DA:205,0
LF:106
LH:46
BRDA:20,0,0,0
BRDA:20,0,1,1
BRDA:34,1,0,0
BRDA:34,1,1,0
BRDA:43,2,0,0
BRDA:43,2,1,0
BRDA:80,3,0,0
BRDA:80,3,1,0
BRDA:90,4,0,0
BRDA:90,4,1,1
BRDA:92,5,0,1
BRDA:92,5,1,0
BRDA:93,6,0,1
BRDA:93,6,1,0
BRDA:105,7,0,0
BRDA:105,7,1,1
BRDA:149,8,0,0
BRDA:149,8,1,0
BRDA:166,9,0,0
BRDA:166,9,1,0
BRDA:175,10,0,0
BRDA:175,10,1,0
BRDA:175,11,0,0
BRDA:175,11,1,0
BRDA:186,12,0,0
BRDA:186,12,1,0
BRDA:202,13,0,0
BRDA:202,13,1,0
BRDA:202,14,0,0
BRDA:202,14,1,0
BRF:30
BRH:5
end_of_record
TN:
SF:controller\userController.js
FN:13,(anonymous_0)
FN:30,(anonymous_1)
FNF:2
FNH:2
FNDA:3,(anonymous_0)
FNDA:2,(anonymous_1)
DA:1,2
DA:2,2
DA:3,2
DA:4,2
DA:7,2
DA:8,2
DA:13,2
DA:14,3
DA:15,3
DA:16,3
DA:18,3
DA:23,3
DA:24,2
DA:26,1
DA:30,2
DA:31,2
DA:32,2
DA:34,2
DA:35,0
DA:38,2
DA:40,2
DA:41,0
DA:44,2
DA:46,2
DA:47,0
DA:50,2
DA:51,2
DA:54,2
DA:60,0
DA:61,0
LF:30
LH:25
BRDA:16,0,0,0
BRDA:16,0,1,3
BRDA:34,1,0,0
BRDA:34,1,1,2
BRDA:34,2,0,2
BRDA:34,2,1,2
BRDA:40,3,0,0
BRDA:40,3,1,2
BRDA:46,4,0,0
BRDA:46,4,1,2
BRF:10
BRH:6
end_of_record
TN:
SF:middleware\validateAuth.js
FN:4,(anonymous_0)
FN:11,(anonymous_1)
FNF:2
FNH:2
FNDA:6,(anonymous_0)
FNDA:5,(anonymous_1)
DA:2,2
DA:4,2
DA:5,6
DA:7,6
DA:8,1
DA:11,5
DA:12,5
DA:13,0
DA:16,5
DA:17,5
LF:10
LH:9
BRDA:7,0,0,1
BRDA:7,0,1,5
BRDA:12,1,0,0
BRDA:12,1,1,5
BRF:4
BRH:3
end_of_record
TN:
SF:middleware\validateInput.js
FN:9,(anonymous_0)
FNF:1
FNH:1
FNDA:3,(anonymous_0)
DA:1,2
DA:3,2
DA:9,2
DA:10,3
DA:11,3
DA:12,2
LF:6
LH:6
BRDA:11,0,0,1
BRDA:11,0,1,2
BRF:2
BRH:2
end_of_record
